<?xml version="1.0" encoding="UTF-8"?>
<!-- Generated by org.testng.reporters.JUnitReportReporter -->
<testsuite hostname="DESKTOP-VII1E0P" failures="0" tests="1" name="Scenarios.TestScenario1" time="6.269" errors="0" timestamp="2020-04-15T09:11:27 CEST" skipped="0">
  <testcase classname="Scenarios.TestScenario1" name="actualgoogletest" time="6.269"/>
  <system-out/>
</testsuite> <!-- Scenarios.TestScenario1 -->
