<?xml version="1.0" encoding="UTF-8"?>
<!-- Generated by org.testng.reporters.JUnitReportReporter -->
<testsuite hostname="DESKTOP-VII1E0P" failures="0" tests="1" name="AutomationTest.BrowserTestTestNG" time="2.867" errors="0" timestamp="2020-04-15T08:32:27 CEST" skipped="0">
  <testcase classname="AutomationTest.BrowserTestTestNG" name="GoogleSearch" time="2.867"/>
  <system-out/>
</testsuite> <!-- AutomationTest.BrowserTestTestNG -->
