<?xml version="1.0" encoding="UTF-8"?>
<!-- Generated by org.testng.reporters.JUnitReportReporter -->
<testsuite hostname="DESKTOP-VII1E0P" failures="0" tests="1" name="AutomationTest.BrowserTestTestNG1" time="2.418" errors="0" timestamp="2020-04-13T19:58:57 CEST" skipped="0">
  <testcase classname="AutomationTest.BrowserTestTestNG1" name="GoogleSearch1" time="2.418"/>
  <system-out/>
</testsuite> <!-- AutomationTest.BrowserTestTestNG1 -->
