<?xml version="1.0" encoding="UTF-8"?>
<!-- Generated by org.testng.reporters.JUnitReportReporter -->
<testsuite hostname="DESKTOP-VII1E0P" failures="0" tests="2" name="AutomationTest.ExtentReportDemo" time="4.756" errors="0" timestamp="2020-04-13T17:06:59 CEST" skipped="0">
  <testcase classname="AutomationTest.ExtentReportDemo" name="GoogleSearch1" time="3.292"/>
  <system-out/>
  <testcase classname="AutomationTest.ExtentReportDemo" name="GoogleSearch2" time="1.464"/>
  <system-out/>
</testsuite> <!-- AutomationTest.ExtentReportDemo -->
